[0.014s] Invoking command in '/home/vboxuser/Documenti/Project/pf/build/particle_filter': /usr/bin/cmake --build /home/vboxuser/Documenti/Project/pf/build/particle_filter -- -j2 -l2
[0.057s] [ 25%] Built target uio_map
[0.070s] [35m[1mScanning dependencies of target raymarching[0m
[0.078s] [ 37%] [32mBuilding CXX object CMakeFiles/raymarching.dir/src/ray_marching.cpp.o[0m
[0.517s] [ 50%] [32m[1mLinking CXX static library libraymarching.a[0m
[0.543s] [ 62%] Built target raymarching
[0.557s] [35m[1mScanning dependencies of target pf_node[0m
[0.598s] [ 75%] [32mBuilding CXX object CMakeFiles/pf_node.dir/pf_node/src/pf_node.cpp.o[0m
[0.603s] [ 87%] [32mBuilding CXX object CMakeFiles/pf_node.dir/src/particle_filter.cpp.o[0m
[2.959s] [01m[K/home/vboxuser/Documenti/Project/pf/pf_node/src/pf_node.cpp:[m[K In member function â€˜[01m[Kvoid ParticleFilterNode::lidarCb(sensor_msgs::msg::LaserScan_<std::allocator<void> >::SharedPtr)[m[Kâ€™:
[2.959s] [01m[K/home/vboxuser/Documenti/Project/pf/pf_node/src/pf_node.cpp:180:14:[m[K [01;31m[Kerror: [m[Kstatement cannot resolve address of overloaded function
[2.959s]   180 |     std::endl[01;31m[K;[m[K
[2.959s]       |              [01;31m[K^[m[K
[5.892s] make[2]: *** [CMakeFiles/pf_node.dir/build.make:63: CMakeFiles/pf_node.dir/pf_node/src/pf_node.cpp.o] Error 1
[5.893s] make[1]: *** [CMakeFiles/Makefile2:83: CMakeFiles/pf_node.dir/all] Error 2
[5.893s] make: *** [Makefile:141: all] Error 2
[5.895s] Invoked command in '/home/vboxuser/Documenti/Project/pf/build/particle_filter' returned '2': /usr/bin/cmake --build /home/vboxuser/Documenti/Project/pf/build/particle_filter -- -j2 -l2
